============================= test session starts =============================
platform win32 -- Python 3.12.10, pytest-9.1.1, pluggy-1.6.0 -- C:\Users\User\AppData\Local\Microsoft\WindowsApps\PythonSoftwareFoundation.Python.3.12_qbz5n2kfra8p0\python.exe
cachedir: .pytest_cache
rootdir: C:\AWS\securestatement\parser
plugins: anyio-4.13.0
collecting ... collected 76 items

tests/test_universal.py::TestCBATransactionSummary::test_contract PASSED [  1%]
tests/test_universal.py::TestCBATransactionSummary::test_document_year PASSED [  2%]
tests/test_universal.py::TestCBATransactionSummary::test_row_count PASSED [  3%]
tests/test_universal.py::TestCBATransactionSummary::test_all_dates_correct_year PASSED [  5%]
tests/test_universal.py::TestCBATransactionSummary::test_first_transaction PASSED [  6%]
tests/test_universal.py::TestCBATransactionSummary::test_last_transaction PASSED [  7%]
tests/test_universal.py::TestCBATransactionSummary::test_debit_rows_present PASSED [  9%]
tests/test_universal.py::TestCBATransactionSummary::test_credit_rows_present PASSED [ 10%]
tests/test_universal.py::TestCBATransactionSummary::test_no_footer_bleed PASSED [ 11%]
tests/test_universal.py::TestCBATransactionSummary::test_no_dot_artifacts PASSED [ 13%]
tests/test_universal.py::TestCBATransactionSummary::test_balance_chain PASSED [ 14%]
tests/test_universal.py::TestCBATransactionSummary::test_csv_shape PASSED [ 15%]
tests/test_universal.py::TestCBAYourStatement::test_contract PASSED      [ 17%]
tests/test_universal.py::TestCBAYourStatement::test_document_year PASSED [ 18%]
tests/test_universal.py::TestCBAYourStatement::test_row_count PASSED     [ 19%]
tests/test_universal.py::TestCBAYourStatement::test_all_dates_correct_year PASSED [ 21%]
tests/test_universal.py::TestCBAYourStatement::test_no_2307_year PASSED  [ 22%]
tests/test_universal.py::TestCBAYourStatement::test_opening_balance_not_a_transaction PASSED [ 23%]
tests/test_universal.py::TestCBAYourStatement::test_closing_balance_approximately_correct PASSED [ 25%]
tests/test_universal.py::TestCBAYourStatement::test_no_barcode_artifacts PASSED [ 26%]
tests/test_universal.py::TestCBAYourStatement::test_no_value_date_in_description PASSED [ 27%]
tests/test_universal.py::TestCBAYourStatement::test_debit_and_credit_separate PASSED [ 28%]
tests/test_universal.py::TestCBAYourStatement::test_amounts_never_both_set PASSED [ 30%]
tests/test_universal.py::TestNABBusiness::test_contract PASSED           [ 31%]
tests/test_universal.py::TestNABBusiness::test_document_year PASSED      [ 32%]
tests/test_universal.py::TestNABBusiness::test_row_count PASSED          [ 34%]
tests/test_universal.py::TestNABBusiness::test_all_dates_correct_year PASSED [ 35%]
tests/test_universal.py::TestNABBusiness::test_total_debits_and_credits PASSED [ 36%]
tests/test_universal.py::TestNABBusiness::test_balance_chain_reconciles_to_closing_balance PASSED [ 38%]
tests/test_universal.py::TestNABBusiness::test_previously_dropped_1_jun_transactions_present PASSED [ 39%]
tests/test_universal.py::TestNABBusiness::test_no_brought_carried_forward PASSED [ 40%]
tests/test_universal.py::TestNABBusiness::test_no_important_notice PASSED [ 42%]
tests/test_universal.py::TestNABBusiness::test_no_dot_artifacts PASSED   [ 43%]
tests/test_universal.py::TestNABBusiness::test_gaurav_bodar_credit_present PASSED [ 44%]
tests/test_universal.py::TestNABBusiness::test_debit_and_credit_separate PASSED [ 46%]
tests/test_universal.py::TestNABBusiness::test_amounts_never_both_set PASSED [ 47%]
tests/test_universal.py::TestNABBusiness::test_no_transaction_fee_summary PASSED [ 48%]
tests/test_universal.py::TestNABMultiPageBreak::test_contract PASSED     [ 50%]
tests/test_universal.py::TestNABMultiPageBreak::test_document_year PASSED [ 51%]
tests/test_universal.py::TestNABMultiPageBreak::test_row_count_exact PASSED [ 52%]
tests/test_universal.py::TestNABMultiPageBreak::test_all_dates_correct_year PASSED [ 53%]
tests/test_universal.py::TestNABMultiPageBreak::test_total_debits_and_credits PASSED [ 55%]
tests/test_universal.py::TestNABMultiPageBreak::test_balance_chain_reconciles_to_closing_balance PASSED [ 56%]
tests/test_universal.py::TestNABMultiPageBreak::test_previously_dropped_transactions_present PASSED [ 57%]
tests/test_universal.py::TestNABMultiPageBreak::test_no_dot_artifacts PASSED [ 59%]
tests/test_universal.py::TestNABMultiPageBreak::test_debit_and_credit_separate PASSED [ 60%]
tests/test_universal.py::TestNABMultiPageBreak::test_amounts_never_both_set PASSED [ 61%]
tests/test_universal.py::TestCBADRExcursion::test_contract PASSED        [ 63%]
tests/test_universal.py::TestCBADRExcursion::test_document_year PASSED   [ 64%]
tests/test_universal.py::TestCBADRExcursion::test_row_count_exact PASSED [ 65%]
tests/test_universal.py::TestCBADRExcursion::test_total_debits_and_credits PASSED [ 67%]
tests/test_universal.py::TestCBADRExcursion::test_balance_chain_reconciles_to_closing_balance PASSED [ 68%]
tests/test_universal.py::TestCBADRExcursion::test_trustee_transaction_present PASSED [ 69%]
tests/test_universal.py::TestCBADRExcursion::test_dr_excursion_balance_is_negative PASSED [ 71%]
tests/test_universal.py::TestCBADRExcursion::test_no_closing_summary_footer_leak PASSED [ 72%]
tests/test_universal.py::TestCBADRExcursion::test_last_transaction_is_seaworld PASSED [ 73%]
tests/test_universal.py::TestCBADRExcursion::test_debit_and_credit_separate PASSED [ 75%]
tests/test_universal.py::TestCBADRExcursion::test_amounts_never_both_set PASSED [ 76%]
tests/test_universal.py::TestCBAFullOverdraft::test_contract PASSED      [ 77%]
tests/test_universal.py::TestCBAFullOverdraft::test_document_year PASSED [ 78%]
tests/test_universal.py::TestCBAFullOverdraft::test_row_count_exact PASSED [ 80%]
tests/test_universal.py::TestCBAFullOverdraft::test_total_debits_and_credits PASSED [ 81%]
tests/test_universal.py::TestCBAFullOverdraft::test_debit_and_credit_row_counts PASSED [ 82%]
tests/test_universal.py::TestCBAFullOverdraft::test_balance_chain_reconciles_to_closing_balance PASSED [ 84%]
tests/test_universal.py::TestCBAFullOverdraft::test_opening_and_closing_balances_negative PASSED [ 85%]
tests/test_universal.py::TestCBAFullOverdraft::test_closing_balance_not_a_transaction PASSED [ 86%]
tests/test_universal.py::TestCBAFullOverdraft::test_no_interest_rate_summary_leak PASSED [ 88%]
tests/test_universal.py::TestCBAFullOverdraft::test_no_month_fusion_artifact_in_description PASSED [ 89%]
tests/test_universal.py::TestCBAFullOverdraft::test_debit_and_credit_separate PASSED [ 90%]
tests/test_universal.py::TestCBAFullOverdraft::test_amounts_never_both_set PASSED [ 92%]
tests/test_universal.py::TestBalanceReconciliationFormula::test_sign_cancellation_false_positive_synthetic PASSED [ 93%]
tests/test_universal.py::TestBalanceReconciliationFormula::test_correct_formula_against_real_fixture PASSED [ 94%]
tests/test_universal.py::TestHeaderBalanceExtraction::test_cba_dr_excursion_extracted PASSED [ 96%]
tests/test_universal.py::TestHeaderBalanceExtraction::test_nab_business_extracted PASSED [ 97%]
tests/test_universal.py::TestHeaderBalanceExtraction::test_nab_page_break_extracted PASSED [ 98%]
tests/test_universal.py::TestHeaderBalanceExtraction::test_cba_transaction_summary_has_no_header_balance_data PASSED [100%]

======================== 76 passed in 87.33s (0:01:27) ========================
