============================= test session starts =============================
platform win32 -- Python 3.12.10, pytest-9.1.1, pluggy-1.6.0 -- C:\Users\User\AppData\Local\Microsoft\WindowsApps\PythonSoftwareFoundation.Python.3.12_qbz5n2kfra8p0\python.exe
cachedir: .pytest_cache
rootdir: C:\AWS\securestatement\parser
plugins: anyio-4.13.0
collecting ... collected 64 items

tests/test_universal.py::TestCBATransactionSummary::test_contract PASSED [  1%]
tests/test_universal.py::TestCBATransactionSummary::test_document_year PASSED [  3%]
tests/test_universal.py::TestCBATransactionSummary::test_row_count PASSED [  4%]
tests/test_universal.py::TestCBATransactionSummary::test_all_dates_correct_year PASSED [  6%]
tests/test_universal.py::TestCBATransactionSummary::test_first_transaction PASSED [  7%]
tests/test_universal.py::TestCBATransactionSummary::test_last_transaction PASSED [  9%]
tests/test_universal.py::TestCBATransactionSummary::test_debit_rows_present PASSED [ 10%]
tests/test_universal.py::TestCBATransactionSummary::test_credit_rows_present PASSED [ 12%]
tests/test_universal.py::TestCBATransactionSummary::test_no_footer_bleed PASSED [ 14%]
tests/test_universal.py::TestCBATransactionSummary::test_no_dot_artifacts PASSED [ 15%]
tests/test_universal.py::TestCBATransactionSummary::test_balance_chain PASSED [ 17%]
tests/test_universal.py::TestCBATransactionSummary::test_csv_shape PASSED [ 18%]
tests/test_universal.py::TestCBAYourStatement::test_contract PASSED      [ 20%]
tests/test_universal.py::TestCBAYourStatement::test_document_year PASSED [ 21%]
tests/test_universal.py::TestCBAYourStatement::test_row_count PASSED     [ 23%]
tests/test_universal.py::TestCBAYourStatement::test_all_dates_correct_year PASSED [ 25%]
tests/test_universal.py::TestCBAYourStatement::test_no_2307_year PASSED  [ 26%]
tests/test_universal.py::TestCBAYourStatement::test_opening_balance_not_a_transaction PASSED [ 28%]
tests/test_universal.py::TestCBAYourStatement::test_closing_balance_approximately_correct PASSED [ 29%]
tests/test_universal.py::TestCBAYourStatement::test_no_barcode_artifacts PASSED [ 31%]
tests/test_universal.py::TestCBAYourStatement::test_no_value_date_in_description PASSED [ 32%]
tests/test_universal.py::TestCBAYourStatement::test_debit_and_credit_separate PASSED [ 34%]
tests/test_universal.py::TestCBAYourStatement::test_amounts_never_both_set PASSED [ 35%]
tests/test_universal.py::TestNABBusiness::test_contract PASSED           [ 37%]
tests/test_universal.py::TestNABBusiness::test_document_year PASSED      [ 39%]
tests/test_universal.py::TestNABBusiness::test_row_count PASSED          [ 40%]
tests/test_universal.py::TestNABBusiness::test_all_dates_correct_year PASSED [ 42%]
tests/test_universal.py::TestNABBusiness::test_total_debits_and_credits PASSED [ 43%]
tests/test_universal.py::TestNABBusiness::test_balance_chain_reconciles_to_closing_balance PASSED [ 45%]
tests/test_universal.py::TestNABBusiness::test_previously_dropped_1_jun_transactions_present PASSED [ 46%]
tests/test_universal.py::TestNABBusiness::test_no_brought_carried_forward PASSED [ 48%]
tests/test_universal.py::TestNABBusiness::test_no_important_notice PASSED [ 50%]
tests/test_universal.py::TestNABBusiness::test_no_dot_artifacts PASSED   [ 51%]
tests/test_universal.py::TestNABBusiness::test_gaurav_bodar_credit_present PASSED [ 53%]
tests/test_universal.py::TestNABBusiness::test_debit_and_credit_separate PASSED [ 54%]
tests/test_universal.py::TestNABBusiness::test_amounts_never_both_set PASSED [ 56%]
tests/test_universal.py::TestNABBusiness::test_no_transaction_fee_summary PASSED [ 57%]
tests/test_universal.py::TestNABMultiPageBreak::test_contract PASSED     [ 59%]
tests/test_universal.py::TestNABMultiPageBreak::test_document_year PASSED [ 60%]
tests/test_universal.py::TestNABMultiPageBreak::test_row_count_exact PASSED [ 62%]
tests/test_universal.py::TestNABMultiPageBreak::test_all_dates_correct_year PASSED [ 64%]
tests/test_universal.py::TestNABMultiPageBreak::test_total_debits_and_credits PASSED [ 65%]
tests/test_universal.py::TestNABMultiPageBreak::test_balance_chain_reconciles_to_closing_balance PASSED [ 67%]
tests/test_universal.py::TestNABMultiPageBreak::test_previously_dropped_transactions_present PASSED [ 68%]
tests/test_universal.py::TestNABMultiPageBreak::test_no_dot_artifacts PASSED [ 70%]
tests/test_universal.py::TestNABMultiPageBreak::test_debit_and_credit_separate PASSED [ 71%]
tests/test_universal.py::TestNABMultiPageBreak::test_amounts_never_both_set PASSED [ 73%]
tests/test_universal.py::TestCBADRExcursion::test_contract PASSED        [ 75%]
tests/test_universal.py::TestCBADRExcursion::test_document_year PASSED   [ 76%]
tests/test_universal.py::TestCBADRExcursion::test_row_count_exact PASSED [ 78%]
tests/test_universal.py::TestCBADRExcursion::test_total_debits_and_credits PASSED [ 79%]
tests/test_universal.py::TestCBADRExcursion::test_balance_chain_reconciles_to_closing_balance PASSED [ 81%]
tests/test_universal.py::TestCBADRExcursion::test_trustee_transaction_present PASSED [ 82%]
tests/test_universal.py::TestCBADRExcursion::test_dr_excursion_balance_is_negative PASSED [ 84%]
tests/test_universal.py::TestCBADRExcursion::test_no_closing_summary_footer_leak PASSED [ 85%]
tests/test_universal.py::TestCBADRExcursion::test_last_transaction_is_seaworld PASSED [ 87%]
tests/test_universal.py::TestCBADRExcursion::test_debit_and_credit_separate PASSED [ 89%]
tests/test_universal.py::TestCBADRExcursion::test_amounts_never_both_set PASSED [ 90%]
tests/test_universal.py::TestBalanceReconciliationFormula::test_sign_cancellation_false_positive_synthetic PASSED [ 92%]
tests/test_universal.py::TestBalanceReconciliationFormula::test_correct_formula_against_real_fixture PASSED [ 93%]
tests/test_universal.py::TestHeaderBalanceExtraction::test_cba_dr_excursion_extracted PASSED [ 95%]
tests/test_universal.py::TestHeaderBalanceExtraction::test_nab_business_extracted PASSED [ 96%]
tests/test_universal.py::TestHeaderBalanceExtraction::test_nab_page_break_extracted PASSED [ 98%]
tests/test_universal.py::TestHeaderBalanceExtraction::test_cba_transaction_summary_has_no_header_balance_data PASSED [100%]

======================== 64 passed in 71.32s (0:01:11) ========================
